<?xml version="1.0" encoding="UTF-8"?>
<!-- Generated by org.testng.reporters.JUnitReportReporter -->
<testsuite hostname="DESKTOP-ODJGIG9" name="day.challegesTest.Day1Test" tests="1" failures="0" timestamp="10 Apr 2021 14:43:28 GMT" time="40.447" errors="0">
  <testcase name="day1Test" time="40.447" classname="day.challegesTest.Day1Test"/>
</testsuite> <!-- day.challegesTest.Day1Test -->
